20230611	15:01:00	593a3d7b-4262-4ae4-b22b-3df3c229645e	POST	/api/register	undefined
20230611	15:01:26	7e0fe716-1c6c-48db-ac1c-78aa1b862b2f	POST	/auth/register	undefined
20230611	15:03:00	55485706-6944-4e2e-a171-c048f8430b89	POST	/auth/register	undefined
20230611	15:03:09	fffab402-84cd-47a4-97be-e94533e2afe3	POST	/auth/register	undefined
20230611	15:07:44	e4d9bd2d-3a6c-4fa0-9b45-87b35cbf6e6d	POST	/auth/register	undefined
20230611	15:08:18	48fe593e-4b4a-4956-8745-2f58e3f1cc24	POST	/auth/register	undefined
20230611	15:09:18	e51169af-7df2-459a-b636-aca172797f59	POST	/auth/login	undefined
20230611	15:09:53	83a0a15a-cabc-4062-af15-24bfcd6abac7	POST	/auth/login	undefined
20230611	15:10:13	fdb28f7a-fa58-44dd-84ae-2d93f99ea7e7	POST	/auth/login	undefined
20230611	15:11:08	853c63fd-ea57-4c13-aaa3-5866375cca81	POST	/auth/login	undefined
20230611	15:12:54	faeaa4b4-f438-4403-b463-ed97b8920175	POST	/auth/register	undefined
20230611	15:13:05	6179a36f-4d8c-4f96-aa0c-92b0f39763ec	POST	/auth/login	undefined
20230611	15:17:54	f94df210-01b3-4f33-b8eb-1e436cf02409	POST	/auth/login	undefined
20230611	15:18:22	38e9298b-8c86-442a-be03-437c16fe3c3a	POST	/auth/login	undefined
20230611	15:22:07	ac46d7b2-2375-44f3-8ff9-9ffcd50e12b5	POST	/auth/login	undefined
20230611	15:24:17	e33996a1-c7d1-4e77-b682-cf377e217e4e	POST	/auth/login	undefined
20230611	15:24:56	50ff2091-a3ef-4da6-b53c-52fa2a3756b2	POST	/auth/login	undefined
20230611	15:26:39	3e8bcfef-8bfc-4d72-8ef3-c551d9ba7df6	POST	/auth/logout	undefined
20230611	16:17:15	00e35648-47a5-478c-8d61-1bed685ef0b7	POST	/user	undefined
20230611	16:17:59	6845d4af-1ead-474a-898e-ed2ec93733f9	POST	/user	undefined
20230611	16:18:13	017a5b97-b38c-4622-9939-fe531f6991d7	GET	/user	undefined
20230611	16:19:08	4443b5fc-499a-481d-b2b1-672b4dedf66e	GET	/user/648645d2eb08a5d79f7c8207	undefined
20230611	16:20:34	4baad79b-02be-4c89-9296-23bc368268f0	PATCH	/user/648645d2eb08a5d79f7c8207	undefined
20230611	16:21:07	3adc59f0-b95d-44be-9e59-eacb59734f5a	PATCH	/user/648645d2eb08a5d79f7c8207	undefined
20230611	16:21:32	e3acb2ba-bd06-4b9b-9664-01d87387ea5d	PATCH	/user/	undefined
20230611	16:22:03	c03bfbf4-4d09-4435-8b02-484d2576d19d	PATCH	/user/	undefined
20230611	16:22:11	fdc336e8-e192-435f-862e-dbb73067d270	GET	/user	undefined
20230611	16:25:10	8041bf57-ce70-4240-bb5a-382a30fc153a	DELETE	/user/	undefined
20230611	16:25:16	bc27910b-d371-47d9-a330-c757f31f1928	GET	/user	undefined
20230611	16:25:57	283d09e0-72df-4f93-95d2-ed698c5ad2ef	GET	/user/648645d2eb08a5d79f7c8207	undefined
20230611	16:58:54	5d4deac8-3361-4141-9164-7096a0b8c186	POST	/post	undefined
20230611	16:59:23	e73139b9-84ec-45ec-b057-97126bc0a32d	POST	/post	undefined
20230611	16:59:42	c2366f7b-49ed-4343-aa6c-266b2f1850a1	GET	/post	undefined
20230611	17:00:18	84d0f07b-4c55-481a-afa5-6039f35e71c1	GET	/post/64865fdb9a3aa6631c360396	undefined
20230611	17:00:49	4f3fa0b5-8cb1-4362-ab3a-b1446784735e	PATCH	/post	undefined
20230611	17:01:11	ecfacb00-d6b8-4112-bb3a-c024f8f5af2c	PATCH	/post	undefined
20230611	17:01:18	ddb4c46c-37ab-41c2-956c-9b219b87c7ec	PATCH	/post	undefined
20230611	17:01:35	e8616130-2811-401e-97bd-722f907a03ba	GET	/post	undefined
20230611	17:01:49	de1785f3-a418-4c4f-9b2a-ee7911ea8022	POST	/post	undefined
20230611	17:01:54	0819db5a-822f-4ec2-82fd-e6132eab4048	GET	/post	undefined
20230611	17:02:20	0de6799b-34e9-4d4e-8f1b-0db7e212cd0d	DELETE	/post	undefined
20230611	17:02:26	e19724af-d01e-4532-b579-33d219ea042d	GET	/post	undefined
20230613	10:17:04	a2f4e91f-c693-4019-83e7-8e538d31cbbc	POST	/comment	undefined
20230613	10:17:28	82cbfa6e-883e-4cbb-9faa-171826c06b0c	GET	/comment	undefined
20230613	10:19:31	5669701f-c84f-400d-b73b-5ea0604794e8	GET	/comment	undefined
20230613	10:20:16	dbbdc214-cad0-410d-8474-07f23c891824	PATCH	/comment	undefined
20230613	10:20:24	0c68afc9-1aff-42b3-bfc8-b3c308223fcb	GET	/comment	undefined
20230613	10:20:37	cdff78a0-a1a2-4cc3-8a7a-c901e8e9f657	PATCH	/comment	undefined
20230613	10:20:41	5540d3a6-c843-4467-8ce1-eb7364aeae3d	GET	/comment	undefined
20230613	10:20:49	30382a83-4437-44e1-aaea-0a4dc0fe1e41	DELETE	/comment	undefined
20230613	10:21:03	95eb36a8-a496-4f34-982d-6fd56536e28b	GET	/comment	undefined
20230613	10:33:11	6e946e63-59fd-4e85-9095-1aa6d2a7b5ed	PATCH	/post	undefined
20230613	10:33:21	d482a738-1385-41f6-a97a-db29ce967675	PATCH	/post/64865fdb9a3aa6631c360396	undefined
20230613	10:33:26	9ad1a011-427b-4409-bcea-53b421d638ee	GET	/post	undefined
20230613	10:34:35	9735b17e-c661-464a-8574-d951e85692c5	POST	/post	undefined
20230613	10:34:38	6e6e01f0-96a1-4480-9b0b-6cf956dbab41	GET	/post	undefined
20230613	10:34:57	882b20dd-7b1a-4d7a-bb92-744034254c05	DELETE	/post/6488a8ab8db9b15fe7d30ef8	undefined
20230613	10:35:00	43855fee-7cec-4cb9-905e-b21282257e89	GET	/post	undefined
20230613	10:43:21	2dd5aa18-e43d-46d6-9641-67bd5011ad7c	GET	/post/64865fdb9a3aa6631c360396	undefined
20230613	10:43:39	043470bf-7641-410a-a11f-8bc1de9a5a96	GET	/post/64865fdb9a3aa6631c360396	undefined
20230613	10:43:40	a8d833c8-13fb-42fd-a565-e13ed517cd1f	GET	/post/64865fdb9a3aa6631c360396	undefined
20230613	11:01:02	1514d41d-3bbb-4669-b395-a46fe0022331	GET	/user	undefined
20230613	11:01:09	4602c4b1-1f02-4b71-86dc-d0f7657ea4ad	POST	/auth/login	undefined
20230613	11:01:22	4690a78a-18f9-4ae6-a654-c1367577b04f	POST	/auth/register	undefined
20230613	11:01:29	3c7af991-7de2-4e10-ae81-2c805c335f8b	POST	/auth/login	undefined
20230613	11:02:15	16f1e416-224c-4bcf-86ab-21e679e0f8b4	POST	/auth/register	undefined
20230613	11:03:18	bebf9c6e-c119-4c3f-ab66-7a209f01807d	POST	/auth/login	undefined
20230613	11:03:28	9c8499b6-ed1c-44d7-813c-b08b102c2208	GET	/user	undefined
20230613	11:03:29	3cbc5655-feca-434e-a4b7-0f61e1b872e7	GET	/user	undefined
20230613	11:37:35	d30499a8-b021-4ceb-8a54-c73d12a09655	GET	/	undefined
20230613	11:37:36	56b579e5-f1a5-4135-9aea-5b553a36aa59	GET	/favicon.ico	undefined
20230613	22:02:13	e9cddac4-7dea-478f-baaf-7b276967ee34	GET	/user	undefined
20230613	22:02:33	6c30dad0-c6f6-4bc2-b808-48ed29b00bf0	GET	/user	undefined
20230613	22:03:10	c597f3eb-d449-4dd2-b13b-0a8c92186858	GET	/user/profile	undefined
20230613	22:03:17	cdaf48f0-d089-432f-802a-e812ca0eb2e8	GET	/user/profile	undefined
20230613	22:05:20	daf13ddd-3c44-41d9-9845-d0b61f56fe53	GET	/user/profile	undefined
20230613	22:05:22	f772d24b-d875-4508-be5e-c28a10a2b013	GET	/user/profile	undefined
20230613	22:05:40	74749bd0-3bfa-4456-bfe0-e73a0541128f	GET	/user/profile	undefined
20230613	22:21:45	88909a74-4493-455f-9148-4a086d177d36	OPTIONS	/auth/register	http://localhost:3000
20230613	22:21:45	05978e01-963f-4445-aa4e-1646160111eb	POST	/auth/register	http://localhost:3000
20230614	11:04:44	96f94a0c-bc16-4681-8217-250906019899	OPTIONS	/auth/register	http://localhost:3000
20230614	11:04:44	22155343-1eba-4d6e-becd-abd2b6d1379b	POST	/auth/register	http://localhost:3000
20230614	11:06:11	16c6245a-4404-448e-b8e7-128071fe80d5	OPTIONS	/auth/register	http://localhost:3000
20230614	11:06:11	66b1eb16-e9a8-40ac-80e0-09486f660861	POST	/auth/register	http://localhost:3000
20230614	11:53:46	70b96dab-1e01-4cb8-ad21-9b8f0906ef38	OPTIONS	/auth/register	http://localhost:3000
20230614	11:53:46	aaa0c36e-7ade-4407-b1a4-1a532da8694b	POST	/auth/register	http://localhost:3000
20230614	12:08:18	2fafc5c1-493b-402e-aec2-ed66236a00a3	OPTIONS	/auth/login	http://localhost:3000
20230614	12:08:18	088a80d2-5c7c-412c-8d05-8980f8e4b46c	POST	/auth/login	http://localhost:3000
20230614	14:56:22	3372af76-c72f-4697-ad61-edf57878a912	OPTIONS	/auth/login	http://localhost:3000
20230614	14:56:22	5bc2e625-9921-46bb-98cc-8315979bfe39	POST	/auth/login	http://localhost:3000
20230614	14:56:53	d77214c8-3101-4625-a8af-37a0fd5cf63e	OPTIONS	/user/profile	http://localhost:3000
20230614	14:56:53	379db2fe-5d57-415f-998a-2c4b747a2ff3	POST	/user/profile	http://localhost:3000
20230614	14:56:54	c93dbc49-8684-4b5e-8748-d6a4b180236e	POST	/user/profile	http://localhost:3000
20230614	14:56:56	aaf20b72-7e05-4f3f-9a37-2d76b97bde99	POST	/user/profile	http://localhost:3000
20230614	14:57:00	2e424767-babc-4546-bde2-452ac924df34	OPTIONS	/user/profile	http://localhost:3000
20230614	14:57:00	2b626759-c8ac-4304-a688-b4a3fad723a5	POST	/user/profile	http://localhost:3000
20230614	14:57:15	78f9d6c4-690e-46d0-8fdb-fee4d48d1892	OPTIONS	/user/profile	http://localhost:3000
20230614	14:57:15	396804cc-4b15-4324-a260-e04cc1ebc318	GET	/user/profile	http://localhost:3000
20230614	14:57:16	62a87031-ba2b-4cc1-9ad0-c17a786c2c15	GET	/user/profile	http://localhost:3000
20230614	14:57:18	5f9c342f-3d5f-48ff-8b0a-33caf4f96e6e	GET	/user/profile	http://localhost:3000
20230614	14:57:22	278dd401-0346-4513-80ae-480dd819ea31	OPTIONS	/user/profile	http://localhost:3000
20230614	14:57:22	24197202-db24-4192-bf29-12d8e0d6a58b	GET	/user/profile	http://localhost:3000
20230614	14:57:29	b757aa71-a657-4f84-accb-2a7d95a99b4f	OPTIONS	/user/profile	http://localhost:3000
20230614	14:57:29	106d00a2-fea0-4544-9655-03e57ee98879	GET	/user/profile	http://localhost:3000
20230614	14:57:30	3a6ec1a7-e406-4e35-a850-9deb49d9f037	GET	/user/profile	http://localhost:3000
20230614	14:57:32	9d9a7b57-ffb0-4271-b9fe-bee53bcbe5f6	GET	/user/profile	http://localhost:3000
20230614	14:57:36	ea84a5b3-02ce-491c-b553-26b182e6ece9	OPTIONS	/user/profile	http://localhost:3000
20230614	14:57:36	a0402808-fab8-4642-89e1-9ca9526ad5c5	GET	/user/profile	http://localhost:3000
20230614	15:02:27	4626a851-b79e-4974-90ca-f1ab394f9427	OPTIONS	/auth/login	http://localhost:3000
20230614	15:02:27	caaa7bc0-8b66-4d9f-a6ac-14cfbc98ed96	POST	/auth/login	http://localhost:3000
20230614	15:05:29	9397389b-5b4d-466f-8b2f-9f759db3b197	OPTIONS	/user/profile	http://localhost:3000
20230614	15:05:29	82015258-4264-4109-825d-4ab0b1651ca4	GET	/user/profile	http://localhost:3000
20230614	15:05:30	a14b3868-b369-43ff-9a0c-eca09978cf88	GET	/user/profile	http://localhost:3000
20230614	15:05:32	f761ebc6-15a3-444a-ab43-2683b335e176	GET	/user/profile	http://localhost:3000
20230614	15:05:36	4766ec63-8ce4-4c1a-a9d8-3120b9cfc80a	OPTIONS	/user/profile	http://localhost:3000
20230614	15:05:36	85c27f06-6ab8-442e-a2a1-7cc30b56b5c7	GET	/user/profile	http://localhost:3000
20230614	15:07:17	d9e02e0d-dc08-4b24-9fe7-d48c7d06e08d	OPTIONS	/user/profile	http://localhost:3000
20230614	15:07:17	25728446-fe2e-4ae0-8e15-7ead0edff3c9	GET	/user/profile	http://localhost:3000
20230614	15:07:37	3b44a5c8-773e-402b-b990-2db49a3e04c5	OPTIONS	/user/profile	http://localhost:3000
20230614	15:07:37	d2433716-a0e9-41c5-a862-da6b231e72fe	GET	/user/profile	http://localhost:3000
20230614	15:07:39	b332874a-d72a-49cd-bb5d-6da0c7dc3896	GET	/user/profile	http://localhost:3000
20230614	15:07:43	56491f8e-d53d-4ac5-b36e-455bb7459d91	OPTIONS	/user/profile	http://localhost:3000
20230614	15:07:43	b76cea59-757a-4d9d-8432-ed5d7514f133	GET	/user/profile	http://localhost:3000
20230614	15:13:40	7a5d41fc-a748-4f5a-9ade-c3cdd366b622	OPTIONS	/auth/login	http://localhost:3000
20230614	15:13:40	9bb3380d-689b-4b3f-ae9e-828da3456234	POST	/auth/login	http://localhost:3000
20230614	15:13:51	c74cf84b-00b7-4c44-9944-db51ed6411e5	OPTIONS	/auth/login	http://localhost:3000
20230614	15:13:51	5e90d9f1-ecd7-440f-8511-559a3ab55b67	POST	/auth/login	http://localhost:3000
20230614	15:23:12	28374eeb-4826-4f59-b889-bd621019b4cc	POST	/auth/register	undefined
20230614	15:26:20	716ee27e-7037-4afd-9aab-6d0eed6aecf5	POST	/auth/register	undefined
20230614	15:27:54	dc99b0e0-2d2e-4049-a7fc-3df6538f843e	OPTIONS	/auth/login	http://localhost:3000
20230614	15:27:54	465877ac-f900-41b5-883b-ef628268c4a6	POST	/auth/login	http://localhost:3000
20230614	15:29:08	a1fd9545-bd58-4a17-b408-ecf56044b0ed	OPTIONS	/auth/register	http://localhost:3000
20230614	15:29:08	85902327-2ecf-4e25-8751-ab6791b8fddb	POST	/auth/register	http://localhost:3000
20230614	15:38:01	7c29cc42-f611-43ab-af23-ac05f002d825	POST	/auth/login	undefined
20230614	15:38:45	4f3a51bb-dfd5-4f46-8e38-5a5c317d6235	POST	/auth/login	undefined
20230614	15:39:28	a291fc86-f034-4e70-b24d-a52abd3e69c1	OPTIONS	/auth/login	http://localhost:3000
20230614	15:39:28	4bda9fd2-2a51-4422-97c3-9430c5f0c618	POST	/auth/login	http://localhost:3000
20230614	15:45:40	2e8539dd-06c6-406c-af79-a1875d0512d7	OPTIONS	/auth/login	http://localhost:3000
20230614	15:45:40	bd772872-c276-4e35-88b6-a12c74b08948	POST	/auth/login	http://localhost:3000
20230614	15:45:42	1a74a89e-57e6-4f6c-9ee4-6b73890eaffb	OPTIONS	/user/profile	http://localhost:3000
20230614	15:45:42	c1d109d2-42aa-4bd6-8f36-82c8db72ce61	GET	/user/profile	http://localhost:3000
20230614	15:45:43	6ae200c7-bb65-44a7-b431-fc215ca7e3da	GET	/user/profile	http://localhost:3000
20230614	15:45:45	adcb4d6c-1848-4145-aa46-4c0d210f83a1	GET	/user/profile	http://localhost:3000
20230614	15:45:49	f1cb2c82-de3b-450e-aa03-fb1044a3af5a	OPTIONS	/user/profile	http://localhost:3000
20230614	15:45:49	aa2e0c2e-cf99-4dfa-b8fe-38532083c9bc	GET	/user/profile	http://localhost:3000
20230614	15:46:38	2b7e8477-a1d1-45cf-ab39-46b764b9f0e7	OPTIONS	/user/profile	http://localhost:3000
20230614	15:46:38	f3693b18-d513-43d9-b494-afde1e5ca054	GET	/user/profile	http://localhost:3000
20230614	15:52:40	d287e84c-121c-467e-b899-c4987c27e1a1	GET	/user/profile	undefined
20230614	15:54:22	38daa12e-ae37-4125-8ccf-f253a14c5002	GET	/user/profile	undefined
20230614	15:55:57	e46f5b72-e9df-48ec-8275-3d020744a789	GET	/user/profile	undefined
20230614	15:56:59	b80c1fe0-3beb-4b36-b98b-b131ef4b0f1b	GET	/user/profile	undefined
20230614	15:59:15	d3d2461a-ddf4-429d-a668-822b30c9503f	OPTIONS	/user/profile	http://localhost:3000
20230614	15:59:15	b66e609e-df73-4fb3-8353-15f428f3dbef	GET	/user/profile	http://localhost:3000
20230614	15:59:18	1115c9bd-92b4-402a-8649-602a23350795	GET	/user/profile	http://localhost:3000
20230614	15:59:22	7f190187-3fc7-4f1c-b028-8e5ae39d29df	OPTIONS	/user/profile	http://localhost:3000
20230614	15:59:22	f91e7919-d87a-4645-b4c9-8b87ea509f37	GET	/user/profile	http://localhost:3000
20230614	15:59:49	fec22266-6cce-4209-b553-99cd732fc170	OPTIONS	/user/profile	http://localhost:3000
20230614	15:59:49	8d317732-171d-44d4-b6d7-f65d715ca22e	GET	/user/profile	http://localhost:3000
20230614	15:59:50	361641f9-1760-4e16-b67d-b923ede10a77	GET	/user/profile	http://localhost:3000
20230614	15:59:52	3c7a46bf-e95b-46a6-80de-44d47a5b74c4	GET	/user/profile	http://localhost:3000
20230614	15:59:56	db2520bd-7cac-4fd9-abb8-8628ba8e376b	OPTIONS	/user/profile	http://localhost:3000
20230614	15:59:56	8628c41d-e77b-441e-85c8-75b4a723d778	GET	/user/profile	http://localhost:3000
20230614	16:30:24	c82589fb-b585-4987-a178-f3ceafdb1fd8	OPTIONS	/auth/login	http://localhost:3000
20230614	16:30:24	b17ca5d1-5dc8-4bfa-b3d8-d25561099bbb	POST	/auth/login	http://localhost:3000
20230614	16:38:52	699c0be4-4359-46c2-bd05-9b509f384ad9	OPTIONS	/auth/login	http://localhost:3000
20230614	16:38:52	3a238730-c316-4e0e-a556-96d9e78654b4	POST	/auth/login	http://localhost:3000
20230614	16:50:41	d17734d1-52d7-4416-bfca-09a102e60be8	OPTIONS	/auth/login	http://localhost:3000
20230614	16:50:41	3bce83eb-9fe5-4999-a2be-0501423d83bd	POST	/auth/login	http://localhost:3000
20230614	16:51:03	56fa8a00-6cc0-4b49-aff4-974e266aa4a0	OPTIONS	/auth/login	http://localhost:3000
20230614	16:51:03	94919605-ae26-41e6-9018-8fdaf008f876	POST	/auth/login	http://localhost:3000
20230614	16:51:06	b2dadc89-06d1-4fec-89db-eb4ae673a0a7	OPTIONS	/user/profile	http://localhost:3000
20230614	16:51:06	964744e8-9c41-4696-82d0-cbeec61597ba	GET	/user/profile	http://localhost:3000
20230614	16:51:07	b3da30a3-55d5-459d-a43f-58ed8c63cbe6	GET	/user/profile	http://localhost:3000
20230614	16:51:09	c6567643-1b6d-4683-828e-d64505b8bd21	GET	/user/profile	http://localhost:3000
20230614	16:51:13	e0f67510-551a-47da-aef2-f34fae67f2b6	OPTIONS	/user/profile	http://localhost:3000
20230614	16:51:13	5d23ca32-85d9-4c50-9d2a-dc49171f8ab9	GET	/user/profile	http://localhost:3000
20230614	16:55:37	b19c5881-21fa-4555-bbb8-1e29ed71eb61	OPTIONS	/auth/login	http://localhost:3000
20230614	16:55:37	21622690-bf89-4f08-8122-8d5d2d1b87ca	POST	/auth/login	http://localhost:3000
20230614	17:02:11	f02661e2-17b6-4753-ae83-1c0cbe1e7898	GET	/user/profile	undefined
20230614	17:02:27	4532ab0f-d362-44ee-8a07-f8bbcfe75b1a	GET	/user/profile	undefined
20230614	17:04:27	68c2e634-7e55-4c10-9069-7e3d9b8bfc5c	GET	/user/profile	undefined
20230614	17:04:53	17d505e8-139c-45ca-99ef-01d34691cede	GET	/user/profile	undefined
20230614	17:04:59	64f2f23d-200c-478a-a16b-0ec3188c9e2f	GET	/user/profile	undefined
20230614	17:05:05	e8c5c0d9-0121-4278-a6f4-795969989822	GET	/user/profile	undefined
20230614	17:08:26	f4993848-7d1d-48e1-aec5-533ff961546e	OPTIONS	/auth/login	http://localhost:3000
20230614	17:08:26	c46b1c64-5ce8-4b29-815e-5bbd9edc23eb	POST	/auth/login	http://localhost:3000
20230614	17:08:32	8adb4b5a-2e30-410f-9726-327f49f9296a	OPTIONS	/user/profile	http://localhost:3000
20230614	17:08:32	7de82e25-3848-4bbc-8e96-55e17735a25e	GET	/user/profile	http://localhost:3000
20230614	17:11:30	30e6d024-c10b-47b4-97ae-9a15a43f9bbd	OPTIONS	/user/profile	http://localhost:3000
20230614	17:11:30	e94db440-c702-4e96-ab95-d9ee1ad26302	GET	/user/profile	http://localhost:3000
20230614	17:15:31	4e26c544-a9c3-4f4c-a93b-a83f63287d26	OPTIONS	/user/profile	http://localhost:3000
20230614	17:15:31	9502256a-32b7-42d5-b409-80d8d1bdb29c	GET	/user/profile	http://localhost:3000
20230614	17:15:33	f1369563-8206-4f5b-94f7-a58c18ae5911	GET	/user/profile	http://localhost:3000
20230614	17:15:42	fd5f9130-9c4c-4f41-b3fe-ea20df10d204	OPTIONS	/auth/login	http://localhost:3000
20230614	17:15:42	ea138cdb-96f4-4a6b-a532-2355d27c6fa9	POST	/auth/login	http://localhost:3000
20230614	17:16:16	dcfb4e39-79a4-4b66-ab61-8829852d8b3e	OPTIONS	/auth/login	http://localhost:3000
20230614	17:16:16	3f6f54ff-e949-4b8c-912c-3c16cf5566d0	POST	/auth/login	http://localhost:3000
20230614	17:16:25	4fac460c-d970-48b6-9a62-1d2a813db69c	OPTIONS	/user/profile	http://localhost:3000
20230614	17:16:25	5287c3f8-6fc5-4850-9ce5-ac3d8b2533ba	GET	/user/profile	http://localhost:3000
20230614	17:16:44	cd178d00-7ec1-42b1-b02d-4d4e1a591a56	OPTIONS	/user/profile	http://localhost:3000
20230614	17:16:44	de3477b3-b156-4bda-8f8a-a846f37db151	GET	/user/profile	http://localhost:3000
20230614	17:21:47	5fb445dd-2d73-4470-ad4b-9031bab59f2e	OPTIONS	/user/profile	http://localhost:3000
20230614	17:21:47	7cb9134a-2ef9-4fe0-a962-e3bfbf2c900c	GET	/user/profile	http://localhost:3000
20230614	17:22:27	9799eca4-403c-421e-b4a8-fd6b1e934d67	OPTIONS	/user/profile	http://localhost:3000
20230614	17:22:27	2b9ab006-b212-40c3-8235-69fd9ca5b787	GET	/user/profile	http://localhost:3000
20230614	17:23:11	1a69748e-fb8c-4d61-bd13-a34863c19a75	OPTIONS	/user/profile	http://localhost:3000
20230614	17:23:11	35f87fc2-689b-497f-a417-89d875bdf01d	GET	/user/profile	http://localhost:3000
20230614	17:23:53	a5fdd919-7bb0-47a7-bd9d-74bbd46c0071	OPTIONS	/user/profile	http://localhost:3000
20230614	17:23:53	7ba1d23c-34f0-4a16-9a0a-2e8ec408d0bd	GET	/user/profile	http://localhost:3000
20230614	17:23:55	84be23ad-0dba-4b5c-abe9-342a5b881a0f	GET	/user/profile	http://localhost:3000
20230614	17:23:59	987927b3-d5c6-4441-8f21-7ccd6711648f	OPTIONS	/user/profile	http://localhost:3000
20230614	17:23:59	19d9cc56-1add-412c-ba0c-20e1179091d2	GET	/user/profile	http://localhost:3000
20230614	17:24:13	09768fe9-a531-4184-9e2a-2535e1b52016	OPTIONS	/user/profile	http://localhost:3000
20230614	17:24:13	f54f360f-4a65-4de4-b9e6-67a4a1439aec	GET	/user/profile	http://localhost:3000
20230614	17:24:34	6b5c0902-ec0a-47d3-8e69-e9cdcca1c51d	OPTIONS	/auth/login	http://localhost:3000
20230614	17:24:34	6d37c3c4-a49f-4676-8cbd-a6b5bccb281b	POST	/auth/login	http://localhost:3000
20230614	17:24:37	c7d682c3-8478-4875-ba5b-773f707cb110	OPTIONS	/user/profile	http://localhost:3000
20230614	17:24:37	6fc6d552-d6a4-4ba6-97b6-69a796377279	GET	/user/profile	http://localhost:3000
20230614	17:40:57	fb6cdf29-0294-42f6-86e3-2b8aba417c86	OPTIONS	/user/profile	http://localhost:3000
20230614	17:40:57	2579f54a-40c2-4d34-80d0-4194fb68248d	GET	/user/profile	http://localhost:3000
20230614	17:44:20	17cb4c94-3929-40cf-8e6c-504e38721c3d	OPTIONS	/user/profile	http://localhost:3000
20230614	17:44:20	575ea9cc-32c5-4871-9793-4209ed598b69	GET	/user/profile	http://localhost:3000
20230614	17:44:21	57d191b1-b40e-4f25-83f3-32d856eda10a	GET	/user/profile	http://localhost:3000
20230614	17:45:09	bf5c024d-d804-4f69-8f51-77ba160140d3	OPTIONS	/user/profile	http://localhost:3000
20230614	17:45:09	d9b9a590-3650-416e-acc3-a76d6f67b73c	GET	/user/profile	http://localhost:3000
20230614	17:45:12	f7700066-85e6-44f5-84bb-4047f44502fe	GET	/user/profile	http://localhost:3000
20230614	17:54:30	5eb5ab75-54f0-4acf-84d6-6f8a7fc71915	OPTIONS	/user/profile	http://localhost:3000
20230614	17:54:30	d27ef7fd-48a6-449c-a8af-5bd3385dbf17	GET	/user/profile	http://localhost:3000
20230614	17:54:33	d02c55b7-6744-4309-9d2d-8a1f6532df4c	GET	/user/profile	http://localhost:3000
20230614	17:54:48	b434cc1f-48f7-4da7-bdb5-83e1ab3ec7f8	OPTIONS	/auth/login	http://localhost:3000
20230614	17:54:48	5562b5b4-cb99-4fa4-81c4-2f4d0b3a8398	POST	/auth/login	http://localhost:3000
20230614	17:54:52	942717ac-63cd-4e9f-9e2f-16c117538ae0	OPTIONS	/user/profile	http://localhost:3000
20230614	17:54:52	4cdd332a-b646-495d-84e1-baea609e394b	GET	/user/profile	http://localhost:3000
20230614	17:55:20	8ea2f691-8932-43e5-a27e-63991f322366	OPTIONS	/user/profile	http://localhost:3000
20230614	17:55:20	a1d49185-51ee-46da-bc5e-0c7879207500	GET	/user/profile	http://localhost:3000
20230614	17:55:44	2d5752a7-abb4-40c6-8e65-3c86275ce908	OPTIONS	/user/profile	http://localhost:3000
20230614	17:55:44	36375a63-a0dc-432b-91a4-3358d3fe077b	GET	/user/profile	http://localhost:3000
20230614	17:55:56	d3a911d2-e0a2-47a7-aa25-a513a821272b	OPTIONS	/user/profile	http://localhost:3000
20230614	17:55:56	8b233053-a23a-4222-9ba8-c4e7fc768078	GET	/user/profile	http://localhost:3000
